<?xml version="1.0" encoding="UTF-8"?>
<testng-results skipped="0" failed="0" ignored="0" total="2" passed="2">
  <reporter-output>
  </reporter-output>
  <suite name="Suite" duration-ms="25" started-at="2023-01-28T12:56:36 CET" finished-at="2023-01-28T12:56:36 CET">
    <groups>
    </groups>
    <test name="Test" duration-ms="25" started-at="2023-01-28T12:56:36 CET" finished-at="2023-01-28T12:56:36 CET">
      <class name="testNg.TestNG2">
        <test-method status="PASS" signature="show()[pri:0, instance:testNg.TestNG2@704a52ec]" name="show" duration-ms="4" started-at="2023-01-28T12:56:36 CET" finished-at="2023-01-28T12:56:36 CET">
          <reporter-output>
          </reporter-output>
        </test-method> <!-- show -->
        <test-method status="PASS" signature="test2()[pri:0, instance:testNg.TestNG2@704a52ec]" name="test2" duration-ms="1" started-at="2023-01-28T12:56:36 CET" finished-at="2023-01-28T12:56:36 CET">
          <reporter-output>
          </reporter-output>
        </test-method> <!-- test2 -->
      </class> <!-- testNg.TestNG2 -->
    </test> <!-- Test -->
  </suite> <!-- Suite -->
</testng-results>
